[30-Jun-2025 16:25:45] NOTICE: fpm is running, pid 15655
[30-Jun-2025 16:25:45] NOTICE: ready to handle connections
[30-Jun-2025 16:26:15] NOTICE: Terminating ...
[30-Jun-2025 16:26:15] NOTICE: Terminating ...
[30-Jun-2025 16:26:15] NOTICE: exiting, bye-bye!
[30-Jun-2025 16:26:16] NOTICE: fpm is running, pid 15757
[30-Jun-2025 16:26:16] NOTICE: ready to handle connections
[01-Jul-2025 15:26:28] NOTICE: Terminating ...
[01-Jul-2025 15:26:28] NOTICE: Terminating ...
[01-Jul-2025 15:26:28] NOTICE: exiting, bye-bye!
[01-Jul-2025 15:40:43] NOTICE: fpm is running, pid 21186
[01-Jul-2025 15:40:43] NOTICE: ready to handle connections
[01-Jul-2025 15:44:14] NOTICE: Terminating ...
[01-Jul-2025 15:44:14] NOTICE: Terminating ...
[01-Jul-2025 15:44:14] NOTICE: exiting, bye-bye!
[01-Jul-2025 15:46:41] NOTICE: fpm is running, pid 21579
[01-Jul-2025 15:46:41] NOTICE: ready to handle connections
[01-Jul-2025 15:56:31] NOTICE: fpm is running, pid 22529
[01-Jul-2025 15:56:31] NOTICE: ready to handle connections
[02-Jul-2025 03:04:31] NOTICE: Terminating ...
[02-Jul-2025 03:04:31] NOTICE: Terminating ...
[02-Jul-2025 03:04:31] NOTICE: exiting, bye-bye!
[02-Jul-2025 03:04:46] NOTICE: fpm is running, pid 83433
[02-Jul-2025 03:04:46] NOTICE: ready to handle connections
[02-Jul-2025 18:33:02] NOTICE: Terminating ...
[02-Jul-2025 18:33:02] NOTICE: Terminating ...
[02-Jul-2025 18:33:02] NOTICE: exiting, bye-bye!
[03-Jul-2025 02:19:00] NOTICE: fpm is running, pid 3606
[03-Jul-2025 02:19:00] NOTICE: ready to handle connections
[03-Jul-2025 10:46:28] NOTICE: Terminating ...
[03-Jul-2025 10:46:28] NOTICE: Terminating ...
[03-Jul-2025 10:46:28] NOTICE: exiting, bye-bye!
[03-Jul-2025 10:46:52] NOTICE: fpm is running, pid 18983
[03-Jul-2025 10:46:52] NOTICE: ready to handle connections
[03-Jul-2025 12:33:55] NOTICE: Terminating ...
[03-Jul-2025 12:33:55] NOTICE: Terminating ...
[03-Jul-2025 12:33:55] NOTICE: exiting, bye-bye!
[04-Jul-2025 11:40:11] NOTICE: fpm is running, pid 91694
[04-Jul-2025 11:40:11] NOTICE: ready to handle connections
[09-Jul-2025 02:28:32] NOTICE: Terminating ...
[09-Jul-2025 02:28:32] NOTICE: Terminating ...
[09-Jul-2025 02:28:32] NOTICE: exiting, bye-bye!
[09-Jul-2025 15:46:16] NOTICE: fpm is running, pid 4913
[09-Jul-2025 15:46:16] NOTICE: ready to handle connections
[12-Jul-2025 03:45:57] NOTICE: Terminating ...
[12-Jul-2025 03:45:57] NOTICE: Terminating ...
[12-Jul-2025 03:45:57] NOTICE: exiting, bye-bye!
